1000000000000304042665826841238459799612905051
94158457559541065
086
4495031141862019198
10000000002947166108188007
100000000000000075996
10000000000000000000000000000000000028603
10000000000000000000000000008742294554233888480
1000000000000561213175567703230
8
100000000000000000000247875946105433096
100969349
10000000000000000000000036278071444
1000000000000000956290708505885
100000000000000000004
363511651767797
10000000000000000000000
858115093555990424
10060202076027883403817404503761725
501479501
10000000003298621615728
9
100000000002303217737016127533530445
1000008
8
10009985950109218572
1000000000000071951037430737698
4
1000000000000000000633219
100000000000000000022
94707441999239336103635272
8
10000000000000000000003852723792260240353
1000000000077158229555465
2
1000000958137186855165926964716692082051137532767
643729696915251095455
1000000000000000234344073213024842506
8
187
6
4
8
665559517517965642609
1000000000000000000000382243725631101781673217881
100000000000048534794024810361920388
35342878615978651604337653576567463566583925621
100000000000000000380340147677915048978
1000000000000424978344203149213
1000000000000000000000000000000000000000000000
682
10724972023
5
05663358977
2379764
10000000000000000004693032
663058305808554067817791261092911379944
100000000000010013393
6
10000000000000000000000000000
10007543709
7071138019459591418739538456
1000000000003722019706623359609
10000000065254625766030395558997473877359
10000000000000000000000002548
10000146408
10000012866
85937482023944849238546255562208
3
1000000000000002299810898340717
583373212684102601179
100000000000000000000052566592407583097
508490343969259839868673
100000000000000
703601002296226919667440481024611610123858
100000000000000000000080478
10000000000000003756558248114160462816239
10000000000000000000000000263
042509759326983025462789831240123886149
658141
10000000000000000000000000747777047438
10000000082
101502404588987012246
10000000000000000000000000065291604874040929863
100000000491803
10000000007433405497595036446854977
1041444111249582878182890740085603
100000000000000000054114897
6
