-1
448900 1
643204 1
-1
448900 1
255025 1
164836 1
115600 1
409600 1
100 1
100 1
100 1
10000 1
-1
-1
100 1
115600 1
-1
100 1
164836 1
100 1
10000 1
100 2
-1
100 1
100 1
115600 1
100 1
100 1
100 1
36100 1
100 1
78400 1
448900 1
100 1
255025 1
100 1
828100 1
100 2
-1
532900 1
672400 1
100 1
100 1
100 2
448900 1
448900 1
-1
-1
532900 1
100 1
100 1
100 1
100 1
-1
78400 1
100 1
912025 1
100 1
10000 1
364816 1
448900 1
-1
643204 1
-1
828100 1
100 1
10000 1
532900 1
-1
-1
-1
100 1
-1
-1
-1
302500 1
409600 1
409600 1
-1
-1
100 1
-1
-1
-1
448900 1
364816 1
136900 1
364816 1
828100 1
100 1
-1
-1
-1
