17 14
17 76
21 31
21 35
21 43
21 65
26 52
28 47
28 76
28 95
33 92
34 65
34 86
34 95
35 14
35 76
35 95
38 33
38 94
42 95
46 95
48 33
48 82
48 96
49 33
49 93
49 95
52 33
52 95
54 29
54 30
54 31
54 33
54 39
54 47
54 50
54 52
54 56
54 61
54 65
54 66
54 67
54 70
54 82
54 92
54 93
54 94
54 95
56 93
56 95
59 33
59 67
59 95
61 31
63 29
63 30
63 31
63 33
63 35
63 43
63 47
63 50
63 51
63 52
63 55
63 56
63 66
63 70
63 82
63 86
63 92
63 94
63 95
63 96
65 33
65 35
65 94
65 95
67 33
67 52
67 55
67 66
71 39
71 51
72 33
72 65
72 95
76 7
76 33
76 95
81 14
81 33
81 76
81 95
83 50
83 93
91 33
98 29
98 33
98 95

7 76
14 17
14 35
14 81
29 54
29 63
29 98
30 54
30 63
31 21
31 54
31 61
31 63
33 38
33 48
33 49
33 52
33 54
33 59
33 63
33 65
33 67
33 72
33 76
33 81
33 91
33 98
35 21
35 63
35 65
39 54
39 71
43 21
43 63
47 28
47 54
47 63
50 54
50 63
50 83
51 63
51 71
52 26
52 54
52 63
52 67
55 63
55 67
56 54
56 63
61 54
65 21
65 34
65 54
65 72
66 54
66 63
66 67
67 54
67 59
70 54
70 63
76 17
76 28
76 35
76 81
82 48
82 54
82 63
86 34
86 63
92 33
92 54
92 63
93 49
93 54
93 56
93 83
94 38
94 54
94 63
94 65
95 28
95 34
95 35
95 42
95 46
95 49
95 52
95 54
95 56
95 59
95 63
95 65
95 72
95 76
95 81
95 98
96 48
96 63

8
4
1
17
10
6
3
6
4
0
16
0
14
14
21
9
9
23
1
19
12
2
18
5
2
15
5
21
1
22
24
19
23
15
4
20
13
12
4
18
0
7
3
6
23
1
15
16
21
17
20
15
2
21
17
5
8
17
4
11
8
19
18
15
2
13
6
9
5
4
3
5
19
9
3
11
11
1
4
6
2
12
16
16
12
18
4
6
8
1
4
17
14
23
0
6
33
4
19
5
